F:\DROPBOX\INTERVIEW-NEVELEX\THREADSAFECONTAINER\THREADSAFECONTAINER\DEBUG\THREADSAFECONTAINER.PCH
F:\DROPBOX\INTERVIEW-NEVELEX\THREADSAFECONTAINER\THREADSAFECONTAINER\DEBUG\STDAFX.OBJ
F:\DROPBOX\INTERVIEW-NEVELEX\THREADSAFECONTAINER\THREADSAFECONTAINER\DEBUG\VC110.PDB
F:\DROPBOX\INTERVIEW-NEVELEX\THREADSAFECONTAINER\THREADSAFECONTAINER\DEBUG\THREADSAFECONTAINER.OBJ
F:\Dropbox\interview-Nevelex\ThreadSafeContainer\ThreadSafeContainer\Debug\stdafx.obj
F:\Dropbox\interview-Nevelex\ThreadSafeContainer\ThreadSafeContainer\Debug\ThreadSafeContainer.obj
F:\Dropbox\interview-Nevelex\ThreadSafeContainer\ThreadSafeContainer\Debug\cl.command.1.tlog
F:\Dropbox\interview-Nevelex\ThreadSafeContainer\ThreadSafeContainer\Debug\CL.read.1.tlog
F:\Dropbox\interview-Nevelex\ThreadSafeContainer\ThreadSafeContainer\Debug\CL.write.1.tlog
F:\Dropbox\interview-Nevelex\ThreadSafeContainer\ThreadSafeContainer\Debug\link-cvtres.read.1.tlog
F:\Dropbox\interview-Nevelex\ThreadSafeContainer\ThreadSafeContainer\Debug\link-cvtres.write.1.tlog
F:\Dropbox\interview-Nevelex\ThreadSafeContainer\ThreadSafeContainer\Debug\link-rc.read.1.tlog
F:\Dropbox\interview-Nevelex\ThreadSafeContainer\ThreadSafeContainer\Debug\link-rc.write.1.tlog
F:\Dropbox\interview-Nevelex\ThreadSafeContainer\ThreadSafeContainer\Debug\link.10836-cvtres.read.1.tlog
F:\Dropbox\interview-Nevelex\ThreadSafeContainer\ThreadSafeContainer\Debug\link.10836-cvtres.write.1.tlog
F:\Dropbox\interview-Nevelex\ThreadSafeContainer\ThreadSafeContainer\Debug\link.10836-rc.read.1.tlog
F:\Dropbox\interview-Nevelex\ThreadSafeContainer\ThreadSafeContainer\Debug\link.10836-rc.write.1.tlog
F:\Dropbox\interview-Nevelex\ThreadSafeContainer\ThreadSafeContainer\Debug\link.10836.read.1.tlog
F:\Dropbox\interview-Nevelex\ThreadSafeContainer\ThreadSafeContainer\Debug\link.10836.write.1.tlog
F:\Dropbox\interview-Nevelex\ThreadSafeContainer\ThreadSafeContainer\Debug\link.9108-cvtres.read.1.tlog
F:\Dropbox\interview-Nevelex\ThreadSafeContainer\ThreadSafeContainer\Debug\link.9108-cvtres.write.1.tlog
F:\Dropbox\interview-Nevelex\ThreadSafeContainer\ThreadSafeContainer\Debug\link.9108-rc.read.1.tlog
F:\Dropbox\interview-Nevelex\ThreadSafeContainer\ThreadSafeContainer\Debug\link.9108-rc.write.1.tlog
F:\Dropbox\interview-Nevelex\ThreadSafeContainer\ThreadSafeContainer\Debug\link.9108.read.1.tlog
F:\Dropbox\interview-Nevelex\ThreadSafeContainer\ThreadSafeContainer\Debug\link.9108.write.1.tlog
F:\Dropbox\interview-Nevelex\ThreadSafeContainer\ThreadSafeContainer\Debug\link.command.1.tlog
F:\Dropbox\interview-Nevelex\ThreadSafeContainer\ThreadSafeContainer\Debug\link.read.1.tlog
F:\Dropbox\interview-Nevelex\ThreadSafeContainer\ThreadSafeContainer\Debug\link.write.1.tlog
F:\Dropbox\interview-Nevelex\ThreadSafeContainer\ThreadSafeContainer\Debug\ThreadSafeContainer.pch
F:\Dropbox\interview-Nevelex\ThreadSafeContainer\ThreadSafeContainer\Debug\vc110.idb
F:\Dropbox\interview-Nevelex\ThreadSafeContainer\ThreadSafeContainer\Debug\vc110.pdb
F:\Dropbox\interview-Nevelex\ThreadSafeContainer\Debug\ThreadSafeContainer.pdb
F:\Dropbox\interview-Nevelex\ThreadSafeContainer\Debug\ThreadSafeContainer.exe
F:\Dropbox\interview-Nevelex\ThreadSafeContainer\Debug\ThreadSafeContainer.ilk
